REPOSITORY                  TAG                 IMAGE ID            CREATED             SIZE
ekobushka/ubuntu-tmp-file   latest              073267cbd155        52 seconds ago      112MB
ubuntu                      16.04               0458a4468cbc        2 days ago          112MB
elasticsearch               2                   705cb8c5336c        2 months ago        574MB
mongo                       3                   d22888af0ce0        2 months ago        361MB
hello-world                 latest              48b5124b2768        12 months ago       1.84kB
graylog2/server             2.1.1-1             58a2b309b960        16 months ago       619MB


## **Задание со (*) Сравните вывод двух следующих команд**

>docker inspect <u_container_id>
>docker inspect <u_image_id>

Контейнер работающий, поэтому в выводе присутствует (сеть, процессы и т.д.)
В выводе инспекта образа этого всего нет.

Далее... Если кратко и в двух словах, то контейнер это совокупность слоев только для чтения + слой для записи, а Образ - это совокупность слоев только для чтения...
Поэтому в выводе работающего контейнера есть информация о текущих изменениях внутри контейнера.
Когда мы сделали образ из работающего контейнера, то все диффы применились отдельным слоем. 

Поэтому вывод инспекта на образе такой короткий по сравнению с выводом инспекта контейнера.

Может я конечно в чем-то ошибаюсь в своих выводах, но я пока понимаю это так....

Теперь я понял ошибочность своих выводом после более внимательного вывода. Из написанного выше верно только часть.

### **Дубль два...**

docker inspect <u_container_id>
информация о текущем состоянии контейнера
конфигурация контейнера: основные ресурсы, конифгурация хоста и сети
используемые ресурсы: cpu, net, disk
информация об образе из которого создан контейнер

docker inspect <u_image_id>
информация о образе
информация о том из какого контейнера собран образ
шаблон для создания контейнера

информация о ресурсах отсутствует

Из этого можно сделать вывод, что образ это шаблон на основе которого создается контейнер или виртуальная машина, если другими словами.
А контейнер - это уже рабочий контейнер или другими словами, работающая виртуальная машина, которая наследует определенный шаблон.
Можно проводить аналогии с любыми виртуальными средами.
